<?xml version="1.0" encoding="UTF-8"?>
<!-- Generated by org.testng.reporters.JUnitXMLReporter -->
<testsuite ignored="0" hostname="ravishankars-MacBook-Air.local" failures="1" tests="1" name="Surefire test" time="64.526" errors="0" timestamp="2026-02-08T14:37:34 IST">
  <testcase classname="teste.LoginTest" name="testValidLogin" time="57.38">
    <failure type="java.lang.AssertionError" message="expected [Just a moment...] but found [Dashboard / nopCommerce administration]">
      <![CDATA[java.lang.AssertionError: expected [Just a moment...] but found [Dashboard / nopCommerce administration]
at teste.LoginTest.testValidLogin(LoginTest.java:19)
at java.base/java.util.ArrayList.forEach(ArrayList.java:1596)
... Removed 36 stack frames]]>
    </failure>
  </testcase> <!-- testValidLogin -->
</testsuite> <!-- Surefire test -->
