<?xml version="1.0" encoding="UTF-8"?>
<testsuite xmlns:xsi="http://www.w3.org/2001/XMLSchema-instance" xsi:noNamespaceSchemaLocation="https://maven.apache.org/surefire/maven-surefire-plugin/xsd/surefire-test-report-3.0.xsd" version="3.0" name="teste.LoginTest" time="70.163" tests="1" errors="0" skipped="0" failures="1">
  <properties>
    <property name="java.specification.version" value="21"/>
    <property name="sun.jnu.encoding" value="UTF-8"/>
    <property name="java.class.path" value="/Users/ravishankarray/Desktop/Project/automation/selenium-framework/target/test-classes:/Users/ravishankarray/Desktop/Project/automation/selenium-framework/target/classes:/Users/ravishankarray/.m2/repository/org/seleniumhq/selenium/selenium-java/4.40.0/selenium-java-4.40.0.jar:/Users/ravishankarray/.m2/repository/org/seleniumhq/selenium/selenium-api/4.40.0/selenium-api-4.40.0.jar:/Users/ravishankarray/.m2/repository/org/jspecify/jspecify/1.0.0/jspecify-1.0.0.jar:/Users/ravishankarray/.m2/repository/org/seleniumhq/selenium/selenium-chrome-driver/4.40.0/selenium-chrome-driver-4.40.0.jar:/Users/ravishankarray/.m2/repository/com/google/auto/service/auto-service-annotations/1.1.1/auto-service-annotations-1.1.1.jar:/Users/ravishankarray/.m2/repository/org/seleniumhq/selenium/selenium-chromium-driver/4.40.0/selenium-chromium-driver-4.40.0.jar:/Users/ravishankarray/.m2/repository/org/seleniumhq/selenium/selenium-devtools-v142/4.40.0/selenium-devtools-v142-4.40.0.jar:/Users/ravishankarray/.m2/repository/org/seleniumhq/selenium/selenium-devtools-v143/4.40.0/selenium-devtools-v143-4.40.0.jar:/Users/ravishankarray/.m2/repository/org/seleniumhq/selenium/selenium-devtools-v144/4.40.0/selenium-devtools-v144-4.40.0.jar:/Users/ravishankarray/.m2/repository/org/seleniumhq/selenium/selenium-edge-driver/4.40.0/selenium-edge-driver-4.40.0.jar:/Users/ravishankarray/.m2/repository/org/seleniumhq/selenium/selenium-firefox-driver/4.40.0/selenium-firefox-driver-4.40.0.jar:/Users/ravishankarray/.m2/repository/org/seleniumhq/selenium/selenium-http/4.40.0/selenium-http-4.40.0.jar:/Users/ravishankarray/.m2/repository/org/seleniumhq/selenium/selenium-ie-driver/4.40.0/selenium-ie-driver-4.40.0.jar:/Users/ravishankarray/.m2/repository/org/seleniumhq/selenium/selenium-remote-driver/4.40.0/selenium-remote-driver-4.40.0.jar:/Users/ravishankarray/.m2/repository/com/google/guava/guava/33.5.0-jre/guava-33.5.0-jre.jar:/Users/ravishankarray/.m2/repository/com/google/guava/failureaccess/1.0.3/failureaccess-1.0.3.jar:/Users/ravishankarray/.m2/repository/com/google/guava/listenablefuture/9999.0-empty-to-avoid-conflict-with-guava/listenablefuture-9999.0-empty-to-avoid-conflict-with-guava.jar:/Users/ravishankarray/.m2/repository/com/google/errorprone/error_prone_annotations/2.41.0/error_prone_annotations-2.41.0.jar:/Users/ravishankarray/.m2/repository/com/google/j2objc/j2objc-annotations/3.1/j2objc-annotations-3.1.jar:/Users/ravishankarray/.m2/repository/io/opentelemetry/opentelemetry-api/1.58.0/opentelemetry-api-1.58.0.jar:/Users/ravishankarray/.m2/repository/io/opentelemetry/opentelemetry-context/1.58.0/opentelemetry-context-1.58.0.jar:/Users/ravishankarray/.m2/repository/io/opentelemetry/opentelemetry-common/1.58.0/opentelemetry-common-1.58.0.jar:/Users/ravishankarray/.m2/repository/io/opentelemetry/opentelemetry-exporter-logging/1.58.0/opentelemetry-exporter-logging-1.58.0.jar:/Users/ravishankarray/.m2/repository/io/opentelemetry/opentelemetry-sdk-common/1.58.0/opentelemetry-sdk-common-1.58.0.jar:/Users/ravishankarray/.m2/repository/io/opentelemetry/opentelemetry-sdk-extension-autoconfigure-spi/1.58.0/opentelemetry-sdk-extension-autoconfigure-spi-1.58.0.jar:/Users/ravishankarray/.m2/repository/io/opentelemetry/opentelemetry-sdk-extension-autoconfigure/1.58.0/opentelemetry-sdk-extension-autoconfigure-1.58.0.jar:/Users/ravishankarray/.m2/repository/io/opentelemetry/opentelemetry-sdk-trace/1.58.0/opentelemetry-sdk-trace-1.58.0.jar:/Users/ravishankarray/.m2/repository/io/opentelemetry/opentelemetry-sdk/1.58.0/opentelemetry-sdk-1.58.0.jar:/Users/ravishankarray/.m2/repository/io/opentelemetry/opentelemetry-sdk-metrics/1.58.0/opentelemetry-sdk-metrics-1.58.0.jar:/Users/ravishankarray/.m2/repository/io/opentelemetry/opentelemetry-sdk-logs/1.58.0/opentelemetry-sdk-logs-1.58.0.jar:/Users/ravishankarray/.m2/repository/net/bytebuddy/byte-buddy/1.18.4/byte-buddy-1.18.4.jar:/Users/ravishankarray/.m2/repository/org/seleniumhq/selenium/selenium-safari-driver/4.40.0/selenium-safari-driver-4.40.0.jar:/Users/ravishankarray/.m2/repository/org/seleniumhq/selenium/selenium-support/4.40.0/selenium-support-4.40.0.jar:/Users/ravishankarray/.m2/repository/org/seleniumhq/selenium/selenium-manager/4.40.0/selenium-manager-4.40.0.jar:/Users/ravishankarray/.m2/repository/org/seleniumhq/selenium/selenium-json/4.40.0/selenium-json-4.40.0.jar:/Users/ravishankarray/.m2/repository/org/seleniumhq/selenium/selenium-os/4.40.0/selenium-os-4.40.0.jar:/Users/ravishankarray/.m2/repository/org/testng/testng/7.11.0/testng-7.11.0.jar:/Users/ravishankarray/.m2/repository/org/slf4j/slf4j-api/2.0.16/slf4j-api-2.0.16.jar:/Users/ravishankarray/.m2/repository/org/jcommander/jcommander/1.83/jcommander-1.83.jar:/Users/ravishankarray/.m2/repository/org/webjars/jquery/3.7.1/jquery-3.7.1.jar:"/>
    <property name="java.vm.vendor" value="Oracle Corporation"/>
    <property name="sun.arch.data.model" value="64"/>
    <property name="java.vendor.url" value="https://java.oracle.com/"/>
    <property name="user.timezone" value="Asia/Kolkata"/>
    <property name="os.name" value="Mac OS X"/>
    <property name="java.vm.specification.version" value="21"/>
    <property name="sun.java.launcher" value="SUN_STANDARD"/>
    <property name="user.country" value="IN"/>
    <property name="sun.boot.library.path" value="/Library/Java/JavaVirtualMachines/jdk-21.jdk/Contents/Home/lib"/>
    <property name="sun.java.command" value="/Users/ravishankarray/Desktop/Project/automation/selenium-framework/target/surefire/surefirebooter-20260208143623644_3.jar /Users/ravishankarray/Desktop/Project/automation/selenium-framework/target/surefire 2026-02-08T14-36-23_491-jvmRun1 surefire-20260208143623644_1tmp surefire_0-20260208143623644_2tmp"/>
    <property name="http.nonProxyHosts" value="local|*.local|169.254/16|*.169.254/16"/>
    <property name="jdk.debug" value="release"/>
    <property name="surefire.test.class.path" value="/Users/ravishankarray/Desktop/Project/automation/selenium-framework/target/test-classes:/Users/ravishankarray/Desktop/Project/automation/selenium-framework/target/classes:/Users/ravishankarray/.m2/repository/org/seleniumhq/selenium/selenium-java/4.40.0/selenium-java-4.40.0.jar:/Users/ravishankarray/.m2/repository/org/seleniumhq/selenium/selenium-api/4.40.0/selenium-api-4.40.0.jar:/Users/ravishankarray/.m2/repository/org/jspecify/jspecify/1.0.0/jspecify-1.0.0.jar:/Users/ravishankarray/.m2/repository/org/seleniumhq/selenium/selenium-chrome-driver/4.40.0/selenium-chrome-driver-4.40.0.jar:/Users/ravishankarray/.m2/repository/com/google/auto/service/auto-service-annotations/1.1.1/auto-service-annotations-1.1.1.jar:/Users/ravishankarray/.m2/repository/org/seleniumhq/selenium/selenium-chromium-driver/4.40.0/selenium-chromium-driver-4.40.0.jar:/Users/ravishankarray/.m2/repository/org/seleniumhq/selenium/selenium-devtools-v142/4.40.0/selenium-devtools-v142-4.40.0.jar:/Users/ravishankarray/.m2/repository/org/seleniumhq/selenium/selenium-devtools-v143/4.40.0/selenium-devtools-v143-4.40.0.jar:/Users/ravishankarray/.m2/repository/org/seleniumhq/selenium/selenium-devtools-v144/4.40.0/selenium-devtools-v144-4.40.0.jar:/Users/ravishankarray/.m2/repository/org/seleniumhq/selenium/selenium-edge-driver/4.40.0/selenium-edge-driver-4.40.0.jar:/Users/ravishankarray/.m2/repository/org/seleniumhq/selenium/selenium-firefox-driver/4.40.0/selenium-firefox-driver-4.40.0.jar:/Users/ravishankarray/.m2/repository/org/seleniumhq/selenium/selenium-http/4.40.0/selenium-http-4.40.0.jar:/Users/ravishankarray/.m2/repository/org/seleniumhq/selenium/selenium-ie-driver/4.40.0/selenium-ie-driver-4.40.0.jar:/Users/ravishankarray/.m2/repository/org/seleniumhq/selenium/selenium-remote-driver/4.40.0/selenium-remote-driver-4.40.0.jar:/Users/ravishankarray/.m2/repository/com/google/guava/guava/33.5.0-jre/guava-33.5.0-jre.jar:/Users/ravishankarray/.m2/repository/com/google/guava/failureaccess/1.0.3/failureaccess-1.0.3.jar:/Users/ravishankarray/.m2/repository/com/google/guava/listenablefuture/9999.0-empty-to-avoid-conflict-with-guava/listenablefuture-9999.0-empty-to-avoid-conflict-with-guava.jar:/Users/ravishankarray/.m2/repository/com/google/errorprone/error_prone_annotations/2.41.0/error_prone_annotations-2.41.0.jar:/Users/ravishankarray/.m2/repository/com/google/j2objc/j2objc-annotations/3.1/j2objc-annotations-3.1.jar:/Users/ravishankarray/.m2/repository/io/opentelemetry/opentelemetry-api/1.58.0/opentelemetry-api-1.58.0.jar:/Users/ravishankarray/.m2/repository/io/opentelemetry/opentelemetry-context/1.58.0/opentelemetry-context-1.58.0.jar:/Users/ravishankarray/.m2/repository/io/opentelemetry/opentelemetry-common/1.58.0/opentelemetry-common-1.58.0.jar:/Users/ravishankarray/.m2/repository/io/opentelemetry/opentelemetry-exporter-logging/1.58.0/opentelemetry-exporter-logging-1.58.0.jar:/Users/ravishankarray/.m2/repository/io/opentelemetry/opentelemetry-sdk-common/1.58.0/opentelemetry-sdk-common-1.58.0.jar:/Users/ravishankarray/.m2/repository/io/opentelemetry/opentelemetry-sdk-extension-autoconfigure-spi/1.58.0/opentelemetry-sdk-extension-autoconfigure-spi-1.58.0.jar:/Users/ravishankarray/.m2/repository/io/opentelemetry/opentelemetry-sdk-extension-autoconfigure/1.58.0/opentelemetry-sdk-extension-autoconfigure-1.58.0.jar:/Users/ravishankarray/.m2/repository/io/opentelemetry/opentelemetry-sdk-trace/1.58.0/opentelemetry-sdk-trace-1.58.0.jar:/Users/ravishankarray/.m2/repository/io/opentelemetry/opentelemetry-sdk/1.58.0/opentelemetry-sdk-1.58.0.jar:/Users/ravishankarray/.m2/repository/io/opentelemetry/opentelemetry-sdk-metrics/1.58.0/opentelemetry-sdk-metrics-1.58.0.jar:/Users/ravishankarray/.m2/repository/io/opentelemetry/opentelemetry-sdk-logs/1.58.0/opentelemetry-sdk-logs-1.58.0.jar:/Users/ravishankarray/.m2/repository/net/bytebuddy/byte-buddy/1.18.4/byte-buddy-1.18.4.jar:/Users/ravishankarray/.m2/repository/org/seleniumhq/selenium/selenium-safari-driver/4.40.0/selenium-safari-driver-4.40.0.jar:/Users/ravishankarray/.m2/repository/org/seleniumhq/selenium/selenium-support/4.40.0/selenium-support-4.40.0.jar:/Users/ravishankarray/.m2/repository/org/seleniumhq/selenium/selenium-manager/4.40.0/selenium-manager-4.40.0.jar:/Users/ravishankarray/.m2/repository/org/seleniumhq/selenium/selenium-json/4.40.0/selenium-json-4.40.0.jar:/Users/ravishankarray/.m2/repository/org/seleniumhq/selenium/selenium-os/4.40.0/selenium-os-4.40.0.jar:/Users/ravishankarray/.m2/repository/org/testng/testng/7.11.0/testng-7.11.0.jar:/Users/ravishankarray/.m2/repository/org/slf4j/slf4j-api/2.0.16/slf4j-api-2.0.16.jar:/Users/ravishankarray/.m2/repository/org/jcommander/jcommander/1.83/jcommander-1.83.jar:/Users/ravishankarray/.m2/repository/org/webjars/jquery/3.7.1/jquery-3.7.1.jar:"/>
    <property name="sun.cpu.endian" value="little"/>
    <property name="user.home" value="/Users/ravishankarray"/>
    <property name="user.language" value="en"/>
    <property name="java.specification.vendor" value="Oracle Corporation"/>
    <property name="java.version.date" value="2025-01-21"/>
    <property name="java.home" value="/Library/Java/JavaVirtualMachines/jdk-21.jdk/Contents/Home"/>
    <property name="file.separator" value="/"/>
    <property name="basedir" value="/Users/ravishankarray/Desktop/Project/automation/selenium-framework"/>
    <property name="java.vm.compressedOopsMode" value="Zero based"/>
    <property name="line.separator" value="&#10;"/>
    <property name="java.vm.specification.vendor" value="Oracle Corporation"/>
    <property name="java.specification.name" value="Java Platform API Specification"/>
    <property name="apple.awt.application.name" value="ForkedBooter"/>
    <property name="surefire.real.class.path" value="/Users/ravishankarray/Desktop/Project/automation/selenium-framework/target/surefire/surefirebooter-20260208143623644_3.jar"/>
    <property name="sun.management.compiler" value="HotSpot 64-Bit Tiered Compilers"/>
    <property name="ftp.nonProxyHosts" value="local|*.local|169.254/16|*.169.254/16"/>
    <property name="java.runtime.version" value="21.0.6+8-LTS-188"/>
    <property name="user.name" value="ravishankarray"/>
    <property name="stdout.encoding" value="UTF-8"/>
    <property name="path.separator" value=":"/>
    <property name="os.version" value="12.7.6"/>
    <property name="java.runtime.name" value="Java(TM) SE Runtime Environment"/>
    <property name="file.encoding" value="UTF-8"/>
    <property name="java.vm.name" value="Java HotSpot(TM) 64-Bit Server VM"/>
    <property name="localRepository" value="/Users/ravishankarray/.m2/repository"/>
    <property name="java.vendor.url.bug" value="https://bugreport.java.com/bugreport/"/>
    <property name="java.io.tmpdir" value="/var/folders/7f/jp0t8vkj2bq29kl9_4xr7r8h0000gn/T/"/>
    <property name="java.version" value="21.0.6"/>
    <property name="user.dir" value="/Users/ravishankarray/Desktop/Project/automation/selenium-framework"/>
    <property name="os.arch" value="x86_64"/>
    <property name="java.vm.specification.name" value="Java Virtual Machine Specification"/>
    <property name="native.encoding" value="UTF-8"/>
    <property name="java.library.path" value="/Users/ravishankarray/Library/Java/Extensions:/Library/Java/Extensions:/Network/Library/Java/Extensions:/System/Library/Java/Extensions:/usr/lib/java:."/>
    <property name="java.vm.info" value="mixed mode, sharing"/>
    <property name="stderr.encoding" value="UTF-8"/>
    <property name="java.vendor" value="Oracle Corporation"/>
    <property name="java.vm.version" value="21.0.6+8-LTS-188"/>
    <property name="sun.io.unicode.encoding" value="UnicodeBig"/>
    <property name="socksNonProxyHosts" value="local|*.local|169.254/16|*.169.254/16"/>
    <property name="java.class.version" value="65.0"/>
  </properties>
  <testcase name="testValidLogin" classname="teste.LoginTest" time="57.391">
    <failure message="expected [Just a moment...] but found [Dashboard / nopCommerce administration]" type="java.lang.AssertionError"><![CDATA[java.lang.AssertionError: expected [Just a moment...] but found [Dashboard / nopCommerce administration]
	at org.testng.Assert.fail(Assert.java:111)
	at org.testng.Assert.failNotEquals(Assert.java:1590)
	at org.testng.Assert.assertEqualsImpl(Assert.java:150)
	at org.testng.Assert.assertEquals(Assert.java:132)
	at org.testng.Assert.assertEquals(Assert.java:656)
	at org.testng.Assert.assertEquals(Assert.java:666)
	at teste.LoginTest.testValidLogin(LoginTest.java:19)
	at java.base/jdk.internal.reflect.DirectMethodHandleAccessor.invoke(DirectMethodHandleAccessor.java:103)
	at java.base/java.lang.reflect.Method.invoke(Method.java:580)
	at org.testng.internal.invokers.MethodInvocationHelper.invokeMethod(MethodInvocationHelper.java:141)
	at org.testng.internal.invokers.TestInvoker.invokeMethod(TestInvoker.java:687)
	at org.testng.internal.invokers.TestInvoker.invokeTestMethod(TestInvoker.java:230)
	at org.testng.internal.invokers.MethodRunner.runInSequence(MethodRunner.java:63)
	at org.testng.internal.invokers.TestInvoker$MethodInvocationAgent.invoke(TestInvoker.java:995)
	at org.testng.internal.invokers.TestInvoker.invokeTestMethods(TestInvoker.java:203)
	at org.testng.internal.invokers.TestMethodWorker.invokeTestMethods(TestMethodWorker.java:154)
	at org.testng.internal.invokers.TestMethodWorker.run(TestMethodWorker.java:134)
	at java.base/java.util.ArrayList.forEach(ArrayList.java:1596)
	at org.testng.TestRunner.privateRun(TestRunner.java:741)
	at org.testng.TestRunner.run(TestRunner.java:616)
	at org.testng.SuiteRunner.runTest(SuiteRunner.java:421)
	at org.testng.SuiteRunner.runSequentially(SuiteRunner.java:413)
	at org.testng.SuiteRunner.privateRun(SuiteRunner.java:373)
	at org.testng.SuiteRunner.run(SuiteRunner.java:312)
	at org.testng.SuiteRunnerWorker.runSuite(SuiteRunnerWorker.java:52)
	at org.testng.SuiteRunnerWorker.run(SuiteRunnerWorker.java:95)
	at org.testng.TestNG.runSuitesSequentially(TestNG.java:1274)
	at org.testng.TestNG.runSuitesLocally(TestNG.java:1208)
	at org.testng.TestNG.runSuites(TestNG.java:1112)
	at org.testng.TestNG.run(TestNG.java:1079)
	at org.apache.maven.surefire.testng.TestNGExecutor.run(TestNGExecutor.java:155)
	at org.apache.maven.surefire.testng.TestNGDirectoryTestSuite.executeSingleClass(TestNGDirectoryTestSuite.java:102)
	at org.apache.maven.surefire.testng.TestNGDirectoryTestSuite.execute(TestNGDirectoryTestSuite.java:91)
	at org.apache.maven.surefire.testng.TestNGProvider.invoke(TestNGProvider.java:137)
	at org.apache.maven.surefire.booter.ForkedBooter.runSuitesInProcess(ForkedBooter.java:385)
	at org.apache.maven.surefire.booter.ForkedBooter.execute(ForkedBooter.java:162)
	at org.apache.maven.surefire.booter.ForkedBooter.run(ForkedBooter.java:507)
	at org.apache.maven.surefire.booter.ForkedBooter.main(ForkedBooter.java:495)
]]></failure>
    <system-out><![CDATA[Title of the page is :Dashboard / nopCommerce administration
]]></system-out>
    <system-err><![CDATA[SLF4J(W): No SLF4J providers were found.
SLF4J(W): Defaulting to no-operation (NOP) logger implementation
SLF4J(W): See https://www.slf4j.org/codes.html#noProviders for further details.
]]></system-err>
  </testcase>
</testsuite>